{
  "RSpec": {
    "coverage": {
      "/Users/will/Documents/fav_language/spec/controllers/api_controller_spec.rb": [
        1,
        null,
        1,
        1,
        1,
        null,
        1,
        1,
        null,
        4,
        null,
        1,
        3,
        null,
        null,
        1,
        3,
        null,
        null,
        1,
        1,
        1,
        1,
        1,
        null,
        null,
        1,
        1,
        1,
        1,
        1,
        null,
        null,
        1,
        1,
        1,
        1,
        1,
        1,
        null,
        null,
        null,
        null
      ],
      "/Users/will/Documents/fav_language/lib/controllers/api_controller.rb": [
        1,
        1,
        1,
        1,
        null,
        1,
        1,
        1,
        null,
        null,
        1,
        3,
        3,
        3,
        2,
        null,
        null,
        1,
        null,
        3,
        null,
        2,
        null,
        1,
        null,
        1,
        null,
        null,
        null
      ],
      "/Users/will/Documents/fav_language/lib/controllers/application_controller.rb": [
        1,
        1,
        null,
        1,
        1,
        1,
        1,
        null,
        1,
        1,
        null,
        null
      ],
      "/Users/will/Documents/fav_language/lib/github_util.rb": [
        1,
        1,
        14,
        null,
        null
      ],
      "/Users/will/Documents/fav_language/lib/languages.rb": [
        1,
        null,
        1,
        1,
        17,
        null,
        null,
        1,
        10,
        27,
        null,
        null,
        1,
        null,
        1,
        10,
        33,
        null,
        null,
        1,
        7,
        39,
        7,
        null,
        null
      ],
      "/Users/will/Documents/fav_language/lib/github_api.rb": [
        1,
        null,
        1,
        1,
        18,
        null,
        null,
        1,
        11,
        23,
        null,
        null,
        1,
        null,
        1,
        11,
        23,
        null,
        null,
        1,
        52,
        null,
        null
      ],
      "/Users/will/Documents/fav_language/spec/controllers/application_controller_spec.rb": [
        1,
        null,
        1,
        1,
        null,
        1,
        1,
        null,
        1,
        1,
        null,
        null,
        1,
        1,
        1,
        1,
        null,
        null
      ],
      "/Users/will/Documents/fav_language/spec/controllers/languages_controller_spec.rb": [
        1,
        null,
        1,
        1,
        1,
        null,
        1,
        1,
        null,
        8,
        null,
        1,
        7,
        null,
        null,
        1,
        7,
        null,
        null,
        1,
        1,
        1,
        1,
        null,
        null,
        1,
        1,
        1,
        1,
        1,
        null,
        null,
        1,
        1,
        1,
        null,
        null,
        1,
        1,
        1,
        null,
        null,
        1,
        1,
        1,
        1,
        1,
        1,
        1,
        null,
        null,
        1,
        1,
        1,
        1,
        1,
        1,
        null,
        null,
        1,
        1,
        1,
        1,
        1,
        null,
        null,
        null,
        null
      ],
      "/Users/will/Documents/fav_language/lib/controllers/languages_controller.rb": [
        1,
        1,
        null,
        1,
        1,
        1,
        null,
        null,
        1,
        8,
        8,
        6,
        null,
        null,
        1,
        null,
        7,
        null,
        6,
        null,
        1,
        null,
        5,
        null,
        null,
        null
      ],
      "/Users/will/Documents/fav_language/spec/github_api_spec.rb": [
        1,
        null,
        1,
        2,
        null,
        1,
        1,
        null,
        null,
        null,
        null,
        1,
        null,
        null
      ],
      "/Users/will/Documents/fav_language/spec/github_util_spec.rb": [
        1,
        null,
        1,
        1,
        1,
        1,
        1,
        null,
        null
      ],
      "/Users/will/Documents/fav_language/spec/languages_spec.rb": [
        1,
        null,
        1,
        1,
        1,
        1,
        1,
        null,
        null,
        1,
        null,
        null,
        1,
        1,
        2,
        null,
        null
      ]
    },
    "timestamp": 1521983740
  }
}
