{
  "RSpec": {
    "coverage": {
      "/Users/will/Documents/fav_language/spec/controllers/application_controller_spec.rb": [
        1,
        null,
        1,
        1,
        null,
        1,
        1,
        null,
        1,
        1,
        null,
        null,
        1,
        1,
        1,
        1,
        null,
        null
      ],
      "/Users/will/Documents/fav_language/lib/controllers/application_controller.rb": [
        1,
        1,
        null,
        1,
        1,
        1,
        null,
        1,
        1,
        null,
        null
      ],
      "/Users/will/Documents/fav_language/lib/languages.rb": [
        1,
        null,
        1,
        1,
        8,
        null,
        null,
        1,
        6,
        21,
        null,
        null,
        1,
        null,
        1,
        6,
        26,
        null,
        null,
        1,
        6,
        31,
        6,
        null,
        null
      ],
      "/Users/will/Documents/fav_language/lib/github_api.rb": [
        1,
        null,
        1,
        1,
        9,
        null,
        null,
        1,
        7,
        19,
        null,
        null,
        1,
        null,
        1,
        19,
        null,
        null,
        1,
        42,
        null,
        null
      ],
      "/Users/will/Documents/fav_language/spec/controllers/languages_controller_spec.rb": [
        1,
        null,
        1,
        1,
        null,
        1,
        1,
        null,
        6,
        null,
        1,
        5,
        null,
        null,
        1,
        5,
        null,
        null,
        1,
        1,
        1,
        null,
        null,
        1,
        1,
        1,
        1,
        null,
        null,
        1,
        1,
        1,
        null,
        null,
        1,
        1,
        1,
        null,
        null,
        1,
        1,
        1,
        1,
        1,
        null,
        null
      ],
      "/Users/will/Documents/fav_language/lib/controllers/languages_controller.rb": [
        1,
        1,
        null,
        1,
        1,
        1,
        null,
        null,
        1,
        6,
        6,
        4,
        null,
        2,
        null,
        null,
        null,
        1,
        null,
        1,
        4,
        4,
        null,
        null,
        1,
        6,
        null,
        null
      ],
      "/Users/will/Documents/fav_language/spec/github_api_spec.rb": [
        1,
        null,
        1,
        2,
        null,
        1,
        1,
        null,
        null,
        null,
        null,
        1,
        null,
        null
      ],
      "/Users/will/Documents/fav_language/spec/languages_spec.rb": [
        1,
        null,
        1,
        1,
        1,
        1,
        1,
        null,
        null,
        1,
        null,
        null,
        1,
        1,
        1,
        1,
        null,
        null
      ]
    },
    "timestamp": 1521915764
  }
}
