{
  "RSpec": {
    "coverage": {
      "/Users/will/Documents/fav_language/spec/controllers/application_controller_spec.rb": [
        1,
        null,
        1,
        1,
        null,
        1,
        1,
        null,
        1,
        1,
        null,
        null,
        1,
        1,
        1,
        1,
        null,
        null
      ],
      "/Users/will/Documents/fav_language/lib/controllers/application_controller.rb": [
        1,
        1,
        null,
        1,
        1,
        1,
        1,
        null,
        1,
        1,
        null,
        null
      ],
      "/Users/will/Documents/fav_language/lib/languages.rb": [
        1,
        null,
        1,
        1,
        12,
        null,
        null,
        1,
        8,
        23,
        null,
        null,
        1,
        null,
        1,
        8,
        28,
        null,
        null,
        1,
        6,
        33,
        6,
        null,
        null
      ],
      "/Users/will/Documents/fav_language/lib/github_api.rb": [
        1,
        null,
        1,
        1,
        13,
        null,
        null,
        1,
        9,
        20,
        null,
        null,
        1,
        null,
        1,
        9,
        20,
        null,
        null,
        1,
        45,
        null,
        null
      ],
      "/Users/will/Documents/fav_language/spec/controllers/languages_controller_spec.rb": [
        1,
        null,
        1,
        1,
        null,
        1,
        1,
        null,
        8,
        null,
        1,
        7,
        null,
        null,
        1,
        7,
        null,
        null,
        1,
        1,
        1,
        null,
        null,
        1,
        1,
        1,
        1,
        1,
        null,
        null,
        1,
        1,
        1,
        null,
        null,
        1,
        1,
        1,
        null,
        null,
        1,
        1,
        1,
        1,
        1,
        null,
        null,
        1,
        1,
        1,
        1,
        1,
        1,
        null,
        null,
        1,
        1,
        1,
        1,
        1,
        1,
        1,
        null,
        null
      ],
      "/Users/will/Documents/fav_language/lib/controllers/languages_controller.rb": [
        1,
        1,
        null,
        1,
        1,
        1,
        null,
        null,
        1,
        8,
        8,
        6,
        null,
        2,
        null,
        null,
        null,
        1,
        null,
        7,
        null,
        6,
        null,
        1,
        null,
        5,
        null,
        null,
        null,
        1,
        8,
        null,
        null
      ],
      "/Users/will/Documents/fav_language/spec/github_api_spec.rb": [
        1,
        null,
        1,
        2,
        null,
        1,
        1,
        null,
        null,
        null,
        null,
        1,
        null,
        null
      ],
      "/Users/will/Documents/fav_language/spec/languages_spec.rb": [
        1,
        null,
        1,
        1,
        1,
        1,
        1,
        null,
        null,
        1,
        null,
        null,
        1,
        1,
        1,
        2,
        null,
        null
      ]
    },
    "timestamp": 1521921526
  }
}
